have_library: checking for socket() in -lsocket... -------------------- no

"gcc -o conftest -I. -I/System/Library/Frameworks/Ruby.framework/Versions/1.8/usr/lib/ruby/1.8/universal-darwin11.0 -I.  -D_XOPEN_SOURCE -D_DARWIN_C_SOURCE   -I/usr/local/include conftest.c  -L. -L/System/Library/Frameworks/Ruby.framework/Versions/1.8/usr/lib -L/usr/local/lib     -lruby -lsocket  -lpthread -ldl  "
conftest.c: In function ‘t’:
conftest.c:3: error: ‘socket’ undeclared (first use in this function)
conftest.c:3: error: (Each undeclared identifier is reported only once
conftest.c:3: error: for each function it appears in.)
checked program was:
/* begin */
1: /*top*/
2: int main() { return 0; }
3: int t() { void ((*volatile p)()); p = (void ((*)()))socket; return 0; }
/* end */

"gcc -o conftest -I. -I/System/Library/Frameworks/Ruby.framework/Versions/1.8/usr/lib/ruby/1.8/universal-darwin11.0 -I.  -D_XOPEN_SOURCE -D_DARWIN_C_SOURCE   -I/usr/local/include conftest.c  -L. -L/System/Library/Frameworks/Ruby.framework/Versions/1.8/usr/lib -L/usr/local/lib     -lruby -lsocket  -lpthread -ldl  "
ld: library not found for -lsocket
collect2: ld returned 1 exit status
checked program was:
/* begin */
1: /*top*/
2: int main() { return 0; }
3: int t() { socket(); return 0; }
/* end */

--------------------

have_library: checking for gethostbyname() in -lxnet... -------------------- no

"gcc -o conftest -I. -I/System/Library/Frameworks/Ruby.framework/Versions/1.8/usr/lib/ruby/1.8/universal-darwin11.0 -I.  -D_XOPEN_SOURCE -D_DARWIN_C_SOURCE   -I/usr/local/include conftest.c  -L. -L/System/Library/Frameworks/Ruby.framework/Versions/1.8/usr/lib -L/usr/local/lib     -lruby -lxnet  -lpthread -ldl  "
conftest.c: In function ‘t’:
conftest.c:3: error: ‘gethostbyname’ undeclared (first use in this function)
conftest.c:3: error: (Each undeclared identifier is reported only once
conftest.c:3: error: for each function it appears in.)
checked program was:
/* begin */
1: /*top*/
2: int main() { return 0; }
3: int t() { void ((*volatile p)()); p = (void ((*)()))gethostbyname; return 0; }
/* end */

"gcc -o conftest -I. -I/System/Library/Frameworks/Ruby.framework/Versions/1.8/usr/lib/ruby/1.8/universal-darwin11.0 -I.  -D_XOPEN_SOURCE -D_DARWIN_C_SOURCE   -I/usr/local/include conftest.c  -L. -L/System/Library/Frameworks/Ruby.framework/Versions/1.8/usr/lib -L/usr/local/lib     -lruby -lxnet  -lpthread -ldl  "
ld: library not found for -lxnet
collect2: ld returned 1 exit status
checked program was:
/* begin */
1: /*top*/
2: int main() { return 0; }
3: int t() { gethostbyname(); return 0; }
/* end */

--------------------

have_func: checking for hstrerror()... -------------------- yes

"gcc -o conftest -I. -I/System/Library/Frameworks/Ruby.framework/Versions/1.8/usr/lib/ruby/1.8/universal-darwin11.0 -I.  -D_XOPEN_SOURCE -D_DARWIN_C_SOURCE   -I/usr/local/include conftest.c  -L. -L/System/Library/Frameworks/Ruby.framework/Versions/1.8/usr/lib -L/usr/local/lib     -lruby  -lpthread -ldl  "
conftest.c: In function ‘t’:
conftest.c:3: error: ‘hstrerror’ undeclared (first use in this function)
conftest.c:3: error: (Each undeclared identifier is reported only once
conftest.c:3: error: for each function it appears in.)
checked program was:
/* begin */
1: /*top*/
2: int main() { return 0; }
3: int t() { void ((*volatile p)()); p = (void ((*)()))hstrerror; return 0; }
/* end */

"gcc -o conftest -I. -I/System/Library/Frameworks/Ruby.framework/Versions/1.8/usr/lib/ruby/1.8/universal-darwin11.0 -I.  -D_XOPEN_SOURCE -D_DARWIN_C_SOURCE   -I/usr/local/include conftest.c  -L. -L/System/Library/Frameworks/Ruby.framework/Versions/1.8/usr/lib -L/usr/local/lib     -lruby  -lpthread -ldl  "
checked program was:
/* begin */
1: /*top*/
2: int main() { return 0; }
3: int t() { hstrerror(); return 0; }
/* end */

--------------------

have_header: checking for pcap.h... -------------------- yes

"gcc -E -I. -I/System/Library/Frameworks/Ruby.framework/Versions/1.8/usr/lib/ruby/1.8/universal-darwin11.0 -I.  -D_XOPEN_SOURCE -D_DARWIN_C_SOURCE   -I/usr/local/include  conftest.c -o conftest.i"
checked program was:
/* begin */
1: #include <pcap.h>
/* end */

--------------------

have_library: checking for pcap_open_live() in -lpcap... -------------------- yes

"gcc -o conftest -I. -I/System/Library/Frameworks/Ruby.framework/Versions/1.8/usr/lib/ruby/1.8/universal-darwin11.0 -I.  -D_XOPEN_SOURCE -D_DARWIN_C_SOURCE   -I/usr/local/include conftest.c  -L. -L/System/Library/Frameworks/Ruby.framework/Versions/1.8/usr/lib -L/usr/local/lib     -lruby -lpcap  -lpthread -ldl  "
conftest.c: In function ‘t’:
conftest.c:3: error: ‘pcap_open_live’ undeclared (first use in this function)
conftest.c:3: error: (Each undeclared identifier is reported only once
conftest.c:3: error: for each function it appears in.)
checked program was:
/* begin */
1: /*top*/
2: int main() { return 0; }
3: int t() { void ((*volatile p)()); p = (void ((*)()))pcap_open_live; return 0; }
/* end */

"gcc -o conftest -I. -I/System/Library/Frameworks/Ruby.framework/Versions/1.8/usr/lib/ruby/1.8/universal-darwin11.0 -I.  -D_XOPEN_SOURCE -D_DARWIN_C_SOURCE   -I/usr/local/include conftest.c  -L. -L/System/Library/Frameworks/Ruby.framework/Versions/1.8/usr/lib -L/usr/local/lib     -lruby -lpcap  -lpthread -ldl  "
checked program was:
/* begin */
1: /*top*/
2: int main() { return 0; }
3: int t() { pcap_open_live(); return 0; }
/* end */

--------------------

have_func: checking for pcap_compile_nopcap()... -------------------- yes

"gcc -o conftest -I. -I/System/Library/Frameworks/Ruby.framework/Versions/1.8/usr/lib/ruby/1.8/universal-darwin11.0 -I.  -D_XOPEN_SOURCE -D_DARWIN_C_SOURCE   -I/usr/local/include conftest.c  -L. -L/System/Library/Frameworks/Ruby.framework/Versions/1.8/usr/lib -L/usr/local/lib    -lpcap  -lruby -lpcap  -lpthread -ldl  "
conftest.c: In function ‘t’:
conftest.c:3: error: ‘pcap_compile_nopcap’ undeclared (first use in this function)
conftest.c:3: error: (Each undeclared identifier is reported only once
conftest.c:3: error: for each function it appears in.)
checked program was:
/* begin */
1: /*top*/
2: int main() { return 0; }
3: int t() { void ((*volatile p)()); p = (void ((*)()))pcap_compile_nopcap; return 0; }
/* end */

"gcc -o conftest -I. -I/System/Library/Frameworks/Ruby.framework/Versions/1.8/usr/lib/ruby/1.8/universal-darwin11.0 -I.  -D_XOPEN_SOURCE -D_DARWIN_C_SOURCE   -I/usr/local/include conftest.c  -L. -L/System/Library/Frameworks/Ruby.framework/Versions/1.8/usr/lib -L/usr/local/lib    -lpcap  -lruby -lpcap  -lpthread -ldl  "
checked program was:
/* begin */
1: /*top*/
2: int main() { return 0; }
3: int t() { pcap_compile_nopcap(); return 0; }
/* end */

--------------------

